<?xml version="1.0" encoding="UTF-8"?>
<testng-results skipped="0" failed="0" ignored="0" total="1" passed="1">
  <reporter-output>
  </reporter-output>
  <suite name="Default suite" duration-ms="12716" started-at="2021-01-30T05:18:19Z" finished-at="2021-01-30T05:18:31Z">
    <groups>
    </groups>
    <test name="Default test" duration-ms="12716" started-at="2021-01-30T05:18:19Z" finished-at="2021-01-30T05:18:31Z">
      <class name="com.qa.claimspro.testcases.LoginTest">
        <test-method status="PASS" signature="setUp()[pri:0, instance:com.qa.claimspro.testcases.LoginTest@6a41eaa2]" name="setUp" is-config="true" duration-ms="12604" started-at="2021-01-30T05:18:19Z" finished-at="2021-01-30T05:18:31Z">
          <reporter-output>
          </reporter-output>
        </test-method> <!-- setUp -->
        <test-method status="PASS" signature="close()[pri:0, instance:com.qa.claimspro.testcases.LoginTest@6a41eaa2]" name="close" duration-ms="88" started-at="2021-01-30T05:18:31Z" finished-at="2021-01-30T05:18:31Z">
          <reporter-output>
          </reporter-output>
        </test-method> <!-- close -->
      </class> <!-- com.qa.claimspro.testcases.LoginTest -->
    </test> <!-- Default test -->
  </suite> <!-- Default suite -->
</testng-results>
